<?xml version="1.0" encoding="UTF-8"?>
<!-- Generated by org.testng.reporters.JUnitReportReporter -->
<testsuite hostname="NivethaSathyaRJ" failures="0" tests="1" name="swaglab_test.LoginTest" time="3.177" errors="0" timestamp="13 Apr 2025 17:45:10 GMT" skipped="0">
  <testcase classname="swaglab_test.LoginTest" name="LoginFailureTestFromExcel" time="3.177"/>
</testsuite> <!-- swaglab_test.LoginTest -->
