<?xml version="1.0" encoding="UTF-8"?>
<!-- Generated by org.testng.reporters.JUnitReportReporter -->
<testsuite hostname="NivethaSathyaRJ" failures="0" tests="1" name="swaglab_test.AddtoCartPage" time="3.017" errors="0" timestamp="06 Apr 2025 17:13:04 GMT" skipped="0">
  <testcase classname="swaglab_test.AddtoCartPage" name="AddtoCartTest" time="3.017"/>
</testsuite> <!-- swaglab_test.AddtoCartPage -->
