<?xml version="1.0" encoding="UTF-8"?>
<!-- Generated by org.testng.reporters.JUnitReportReporter -->
<testsuite hostname="NivethaSathyaRJ" failures="0" tests="1" name="swaglab_test.ProductPageTest" time="2.714" errors="0" timestamp="07 Jun 2025 16:55:58 GMT" skipped="0">
  <testcase classname="swaglab_test.ProductPageTest" name="AddtoCartTest" time="2.714"/>
</testsuite> <!-- swaglab_test.ProductPageTest -->
