<?xml version="1.0" encoding="UTF-8"?>
<!-- Generated by org.testng.reporters.JUnitReportReporter -->
<testsuite hostname="NivethaSathyaRJ" failures="0" tests="2" name="Testng.AnnotationsExample2" time="0.006" errors="0" timestamp="07 Jun 2025 17:06:20 GMT" skipped="0">
  <testcase classname="Testng.AnnotationsExample2" name="test4" time="0.003"/>
  <testcase classname="Testng.AnnotationsExample2" name="test3" time="0.003"/>
</testsuite> <!-- Testng.AnnotationsExample2 -->
