<?xml version="1.0" encoding="UTF-8"?>
<!-- Generated by org.testng.reporters.JUnitReportReporter -->
<testsuite hostname="NivethaSathyaRJ" failures="0" tests="1" name="Testng.AnnotationsExample2" time="0.001" errors="0" timestamp="05 Apr 2025 16:43:45 GMT" skipped="0">
  <testcase classname="Testng.AnnotationsExample2" name="test4" time="0.001"/>
</testsuite> <!-- Testng.AnnotationsExample2 -->
