<?xml version="1.0" encoding="UTF-8"?>
<!-- Generated by org.testng.reporters.JUnitReportReporter -->
<testsuite hostname="NivethaSathyaRJ" failures="0" tests="1" name="swaglab_test.ProductPageTest" time="2.257" errors="0" timestamp="06 Apr 2025 17:04:07 GMT" skipped="0">
  <testcase classname="swaglab_test.ProductPageTest" name="AddtoCartTest" time="2.257"/>
</testsuite> <!-- swaglab_test.ProductPageTest -->
