<?xml version="1.0" encoding="UTF-8"?>
<!-- Generated by org.testng.reporters.JUnitReportReporter -->
<testsuite hostname="NivethaSathyaRJ" failures="0" tests="2" name="Testng.AnnotationsExample2" time="0.001" errors="0" timestamp="08 Jun 2025 15:12:44 GMT" skipped="0">
  <testcase classname="Testng.AnnotationsExample2" name="test3" time="0.001"/>
  <testcase classname="Testng.AnnotationsExample2" name="test4" time="0.000"/>
</testsuite> <!-- Testng.AnnotationsExample2 -->
