<?xml version="1.0" encoding="UTF-8"?>
<!-- Generated by org.testng.reporters.JUnitReportReporter -->
<testsuite hostname="NivethaSathyaRJ" failures="0" tests="2" name="Testng.AnnotationsExample" time="0.000" errors="0" timestamp="08 Jun 2025 15:12:44 GMT" skipped="1">
  <testcase classname="Testng.AnnotationsExample" name="test1" time="0.000"/>
  <testcase classname="Testng.AnnotationsExample" name="test2">
    <skipped/>
  </testcase> <!-- test2 -->
</testsuite> <!-- Testng.AnnotationsExample -->
