<?xml version="1.0" encoding="UTF-8"?>
<!-- Generated by org.testng.reporters.JUnitReportReporter -->
<testsuite hostname="NivethaSathyaRJ" failures="0" tests="2" name="Testng.AnnotationsExample2" time="0.002" errors="0" timestamp="21 Jun 2025 14:43:03 GMT" skipped="0">
  <testcase classname="Testng.AnnotationsExample2" name="test3" time="0.001"/>
  <testcase classname="Testng.AnnotationsExample2" name="test4" time="0.001"/>
</testsuite> <!-- Testng.AnnotationsExample2 -->
